core.init: Rosetta version rosetta.source.release-156:b1dc16ff17da7a38b52c000abb74f85e4f0333c8 2017-10-27 12:03:34.443146 from http://www.rosettacommons.org
core.init: command: /home/ubuntu/rosetta_src_2017.45.59812_bundle/main/source/bin/cluster.linuxgccrelease -database /home/ubuntu/rosetta_src_2017.45.59812_bundle/main/database @flags_cluster
core.init: 'RNG device' seed mode, using '/dev/urandom', seed=-262042650 seed_offset=0 real_seed=-262042650
core.init.random: RandomGenerator:init: Normal mode, seed=-262042650 RG_type=mt19937



 Rosetta Tool:  cluster - clustering tool for PDBs and or silent files 
 Usage:                                                                  
   PDB input:      -in:file:s *.pdb   or  
                   -in:file:l  list_of_pdbs  
                   -no_optH                                    Dont change positions of Hydrogen atoms! 
   Silent input:   -in:file:silent silent.out                  silent input filesname 
                   -in:file:s                                  specify specific tags to be extracted, if left out all will be taken 
                   -in:file:fullatom                           for full atom structures 
                   -in:file:silent_struct_type <type>          specify the input silent-file format 
   Native:         -in:file:native                             native PDB if CaRMS is required 
   Scorefunction:  -score:weights  weights                     weight set or weights file 
                   -score:patch  patch                         patch set 
                   -rescore:verbose                            display score breakdown 
                   -rescore:output_only                        don't rescore 
   Output:         -nooutput                                   don't print PDB structures 
                   -out:prefix  myprefix                       prefix the output structures with a string 
   Clustering:     -cluster:radius  <float>                    Cluster radius in A (for RMS clustering) or in inverse GDT_TS for GDT clustering. Use "-1" to trigger automatic radius detection
                   -cluster:gdtmm                              Cluster by gdtmm instead of rms
                   -cluster:input_score_filter  <float>        Ignore structures above certain energy 
                   -cluster:exclude_res <int> [<int> <int> ..] Exclude residue numbers               
                   -cluster:radius        <float>              Cluster radius
                   -cluster:limit_cluster_size      <int>      Maximal cluster size
                   -cluster:limit_cluster_size_percent <float> Maximal cluster size by percentage
                   -cluster:random_limit_cluster_size_percent <float> Maximal cluster size by percentage, cut randomly
                   -cluster:limit_clusters          <int>      Maximal number of clusters
                   -cluster:limit_total_structures  <int>      Maximal number of structures in total
                   -cluster:sort_groups_by_energy              Sort clusters by energy.
                   -cluster:remove_highest_energy_member       Remove highest energy member of each cluster
                   -symmetry:symmetric_rmsd       						 For symmetric systems find the lowest rms by testing all chain combinations. Works only with silent file input that contain symmetry info and with all CA rmsd
 Examples: 
   cluster -database ~/minirosetta_database -in:file:silent silent.out -in::file::binary_silentfile -in::file::fullatom -native 1a19.pdb 
clustered Poses are given output names in the form of:
 c.i.j, which denotes the jth member of the ith cluster.



core.scoring.ScoreFunctionFactory: SCOREFUNCTION: ref2015
core.scoring.etable: Starting energy table calculation
core.scoring.etable: smooth_etable: changing atr/rep split to bottom of energy well
core.scoring.etable: smooth_etable: spline smoothing lj etables (maxdis = 6)
core.scoring.etable: smooth_etable: spline smoothing solvation etables (max_dis = 6)
core.scoring.etable: Finished calculating energy tables.
basic.io.database: Database file opened: scoring/score_functions/hbonds/ref2015_params/HBPoly1D.csv
basic.io.database: Database file opened: scoring/score_functions/hbonds/ref2015_params/HBFadeIntervals.csv
basic.io.database: Database file opened: scoring/score_functions/hbonds/ref2015_params/HBEval.csv
basic.io.database: Database file opened: scoring/score_functions/hbonds/ref2015_params/DonStrength.csv
basic.io.database: Database file opened: scoring/score_functions/hbonds/ref2015_params/AccStrength.csv
core.chemical.GlobalResidueTypeSet: Finished initializing fa_standard residue type set.  Created 569 residue types
core.chemical.GlobalResidueTypeSet: Total time to initialize 0.583925 seconds.
basic.io.database: Database file opened: scoring/score_functions/rama/fd/all.ramaProb
basic.io.database: Database file opened: scoring/score_functions/rama/fd/prepro.ramaProb
basic.io.database: Database file opened: scoring/score_functions/omega/omega_ppdep.all.txt
basic.io.database: Database file opened: scoring/score_functions/omega/omega_ppdep.gly.txt
basic.io.database: Database file opened: scoring/score_functions/omega/omega_ppdep.pro.txt
basic.io.database: Database file opened: scoring/score_functions/omega/omega_ppdep.valile.txt
basic.io.database: Database file opened: scoring/score_functions/P_AA_pp/P_AA
basic.io.database: Database file opened: scoring/score_functions/P_AA_pp/P_AA_n
core.scoring.P_AA: shapovalov_lib::shap_p_aa_pp_smooth_level of 1( aka low_smooth ) got activated.
basic.io.database: Database file opened: scoring/score_functions/P_AA_pp/shapovalov/10deg/kappa131/a20.prop
core.import_pose.import_pose: File '/home/ubuntu/Demo2/ClusPro/sequential_clustering/c.0_cluster2A/m0.pdb' automatically determined to be of type PDB
basic.io.database: Database file opened: scoring/score_functions/elec_cp_reps.dat
core.scoring.elec.util: Read 40 countpair representative atoms
core.pack.dunbrack.RotamerLibrary: shapovalov_lib_fixes_enable option is true.
core.pack.dunbrack.RotamerLibrary: shapovalov_lib::shap_dun10_smooth_level of 1( aka lowest_smooth ) got activated.
core.pack.dunbrack.RotamerLibrary: Binary rotamer library selected: /home/ubuntu/rosetta_src_2017.45.59812_bundle/main/database/rotamer/shapovalov/StpDwn_0-0-0/Dunbrack10.lib.bin
core.pack.dunbrack.RotamerLibrary: Using Dunbrack library binary file '/home/ubuntu/rosetta_src_2017.45.59812_bundle/main/database/rotamer/shapovalov/StpDwn_0-0-0/Dunbrack10.lib.bin'.
core.pack.dunbrack.RotamerLibrary: Dunbrack 2010 library took 0.706405 seconds to load from binary
protocols.cluster: RESCORING: /home/ubuntu/Demo2/ClusPro/sequential_clustering/c.0_cluster2A/m0.pdb
protocols.cluster: Adding struc: 908.559
core.import_pose.import_pose: File '/home/ubuntu/Demo2/ClusPro/sequential_clustering/c.0_cluster2A/m10.pdb' automatically determined to be of type PDB
protocols.cluster: RESCORING: /home/ubuntu/Demo2/ClusPro/sequential_clustering/c.0_cluster2A/m10.pdb
protocols.cluster: Adding struc: 3502.79
core.import_pose.import_pose: File '/home/ubuntu/Demo2/ClusPro/sequential_clustering/c.0_cluster2A/m11.pdb' automatically determined to be of type PDB
protocols.cluster: RESCORING: /home/ubuntu/Demo2/ClusPro/sequential_clustering/c.0_cluster2A/m11.pdb
protocols.cluster: Adding struc: 2391.43
core.import_pose.import_pose: File '/home/ubuntu/Demo2/ClusPro/sequential_clustering/c.0_cluster2A/m12.pdb' automatically determined to be of type PDB
protocols.cluster: RESCORING: /home/ubuntu/Demo2/ClusPro/sequential_clustering/c.0_cluster2A/m12.pdb
protocols.cluster: Adding struc: 338.552
core.import_pose.import_pose: File '/home/ubuntu/Demo2/ClusPro/sequential_clustering/c.0_cluster2A/m13.pdb' automatically determined to be of type PDB
protocols.cluster: RESCORING: /home/ubuntu/Demo2/ClusPro/sequential_clustering/c.0_cluster2A/m13.pdb
protocols.cluster: Adding struc: 2955.27
core.import_pose.import_pose: File '/home/ubuntu/Demo2/ClusPro/sequential_clustering/c.0_cluster2A/m14.pdb' automatically determined to be of type PDB
protocols.cluster: RESCORING: /home/ubuntu/Demo2/ClusPro/sequential_clustering/c.0_cluster2A/m14.pdb
protocols.cluster: Adding struc: 3733.31
core.import_pose.import_pose: File '/home/ubuntu/Demo2/ClusPro/sequential_clustering/c.0_cluster2A/m15.pdb' automatically determined to be of type PDB
protocols.cluster: RESCORING: /home/ubuntu/Demo2/ClusPro/sequential_clustering/c.0_cluster2A/m15.pdb
protocols.cluster: Adding struc: 2645.03
core.import_pose.import_pose: File '/home/ubuntu/Demo2/ClusPro/sequential_clustering/c.0_cluster2A/m16.pdb' automatically determined to be of type PDB
protocols.cluster: RESCORING: /home/ubuntu/Demo2/ClusPro/sequential_clustering/c.0_cluster2A/m16.pdb
protocols.cluster: Adding struc: 1087.94
core.import_pose.import_pose: File '/home/ubuntu/Demo2/ClusPro/sequential_clustering/c.0_cluster2A/m17.pdb' automatically determined to be of type PDB
protocols.cluster: RESCORING: /home/ubuntu/Demo2/ClusPro/sequential_clustering/c.0_cluster2A/m17.pdb
protocols.cluster: Adding struc: 2475.18
core.import_pose.import_pose: File '/home/ubuntu/Demo2/ClusPro/sequential_clustering/c.0_cluster2A/m18.pdb' automatically determined to be of type PDB
protocols.cluster: RESCORING: /home/ubuntu/Demo2/ClusPro/sequential_clustering/c.0_cluster2A/m18.pdb
protocols.cluster: Adding struc: 2497.33
core.import_pose.import_pose: File '/home/ubuntu/Demo2/ClusPro/sequential_clustering/c.0_cluster2A/m19.pdb' automatically determined to be of type PDB
protocols.cluster: RESCORING: /home/ubuntu/Demo2/ClusPro/sequential_clustering/c.0_cluster2A/m19.pdb
protocols.cluster: Adding struc: 600.342
core.import_pose.import_pose: File '/home/ubuntu/Demo2/ClusPro/sequential_clustering/c.0_cluster2A/m1.pdb' automatically determined to be of type PDB
protocols.cluster: RESCORING: /home/ubuntu/Demo2/ClusPro/sequential_clustering/c.0_cluster2A/m1.pdb
protocols.cluster: Adding struc: 1693.21
core.import_pose.import_pose: File '/home/ubuntu/Demo2/ClusPro/sequential_clustering/c.0_cluster2A/m20.pdb' automatically determined to be of type PDB
protocols.cluster: RESCORING: /home/ubuntu/Demo2/ClusPro/sequential_clustering/c.0_cluster2A/m20.pdb
protocols.cluster: Adding struc: 1720.5
core.import_pose.import_pose: File '/home/ubuntu/Demo2/ClusPro/sequential_clustering/c.0_cluster2A/m21.pdb' automatically determined to be of type PDB
protocols.cluster: RESCORING: /home/ubuntu/Demo2/ClusPro/sequential_clustering/c.0_cluster2A/m21.pdb
protocols.cluster: Adding struc: 1183.47
core.import_pose.import_pose: File '/home/ubuntu/Demo2/ClusPro/sequential_clustering/c.0_cluster2A/m22.pdb' automatically determined to be of type PDB
protocols.cluster: RESCORING: /home/ubuntu/Demo2/ClusPro/sequential_clustering/c.0_cluster2A/m22.pdb
protocols.cluster: Adding struc: 1252.24
core.import_pose.import_pose: File '/home/ubuntu/Demo2/ClusPro/sequential_clustering/c.0_cluster2A/m23.pdb' automatically determined to be of type PDB
protocols.cluster: RESCORING: /home/ubuntu/Demo2/ClusPro/sequential_clustering/c.0_cluster2A/m23.pdb
protocols.cluster: Adding struc: 1215.93
core.import_pose.import_pose: File '/home/ubuntu/Demo2/ClusPro/sequential_clustering/c.0_cluster2A/m24.pdb' automatically determined to be of type PDB
protocols.cluster: RESCORING: /home/ubuntu/Demo2/ClusPro/sequential_clustering/c.0_cluster2A/m24.pdb
protocols.cluster: Adding struc: 4030.6
core.import_pose.import_pose: File '/home/ubuntu/Demo2/ClusPro/sequential_clustering/c.0_cluster2A/m25.pdb' automatically determined to be of type PDB
protocols.cluster: RESCORING: /home/ubuntu/Demo2/ClusPro/sequential_clustering/c.0_cluster2A/m25.pdb
protocols.cluster: Adding struc: 1688.43
core.import_pose.import_pose: File '/home/ubuntu/Demo2/ClusPro/sequential_clustering/c.0_cluster2A/m26.pdb' automatically determined to be of type PDB
protocols.cluster: RESCORING: /home/ubuntu/Demo2/ClusPro/sequential_clustering/c.0_cluster2A/m26.pdb
protocols.cluster: Adding struc: 1084.64
core.import_pose.import_pose: File '/home/ubuntu/Demo2/ClusPro/sequential_clustering/c.0_cluster2A/m27.pdb' automatically determined to be of type PDB
protocols.cluster: RESCORING: /home/ubuntu/Demo2/ClusPro/sequential_clustering/c.0_cluster2A/m27.pdb
protocols.cluster: Adding struc: 893.21
core.import_pose.import_pose: File '/home/ubuntu/Demo2/ClusPro/sequential_clustering/c.0_cluster2A/m28.pdb' automatically determined to be of type PDB
protocols.cluster: RESCORING: /home/ubuntu/Demo2/ClusPro/sequential_clustering/c.0_cluster2A/m28.pdb
protocols.cluster: Adding struc: 1596.89
core.import_pose.import_pose: File '/home/ubuntu/Demo2/ClusPro/sequential_clustering/c.0_cluster2A/m29.pdb' automatically determined to be of type PDB
protocols.cluster: RESCORING: /home/ubuntu/Demo2/ClusPro/sequential_clustering/c.0_cluster2A/m29.pdb
protocols.cluster: Adding struc: 2318.07
core.import_pose.import_pose: File '/home/ubuntu/Demo2/ClusPro/sequential_clustering/c.0_cluster2A/m2.pdb' automatically determined to be of type PDB
protocols.cluster: RESCORING: /home/ubuntu/Demo2/ClusPro/sequential_clustering/c.0_cluster2A/m2.pdb
protocols.cluster: Adding struc: 1764.91
core.import_pose.import_pose: File '/home/ubuntu/Demo2/ClusPro/sequential_clustering/c.0_cluster2A/m30.pdb' automatically determined to be of type PDB
protocols.cluster: RESCORING: /home/ubuntu/Demo2/ClusPro/sequential_clustering/c.0_cluster2A/m30.pdb
protocols.cluster: Adding struc: 2605.13
core.import_pose.import_pose: File '/home/ubuntu/Demo2/ClusPro/sequential_clustering/c.0_cluster2A/m31.pdb' automatically determined to be of type PDB
protocols.cluster: RESCORING: /home/ubuntu/Demo2/ClusPro/sequential_clustering/c.0_cluster2A/m31.pdb
protocols.cluster: Adding struc: 1942.57
core.import_pose.import_pose: File '/home/ubuntu/Demo2/ClusPro/sequential_clustering/c.0_cluster2A/m32.pdb' automatically determined to be of type PDB
protocols.cluster: RESCORING: /home/ubuntu/Demo2/ClusPro/sequential_clustering/c.0_cluster2A/m32.pdb
protocols.cluster: Adding struc: 3502.4
core.import_pose.import_pose: File '/home/ubuntu/Demo2/ClusPro/sequential_clustering/c.0_cluster2A/m33.pdb' automatically determined to be of type PDB
protocols.cluster: RESCORING: /home/ubuntu/Demo2/ClusPro/sequential_clustering/c.0_cluster2A/m33.pdb
protocols.cluster: Adding struc: 3318.09
core.import_pose.import_pose: File '/home/ubuntu/Demo2/ClusPro/sequential_clustering/c.0_cluster2A/m34.pdb' automatically determined to be of type PDB
protocols.cluster: RESCORING: /home/ubuntu/Demo2/ClusPro/sequential_clustering/c.0_cluster2A/m34.pdb
protocols.cluster: Adding struc: 1657.15
core.import_pose.import_pose: File '/home/ubuntu/Demo2/ClusPro/sequential_clustering/c.0_cluster2A/m35.pdb' automatically determined to be of type PDB
protocols.cluster: RESCORING: /home/ubuntu/Demo2/ClusPro/sequential_clustering/c.0_cluster2A/m35.pdb
protocols.cluster: Adding struc: 5280.54
core.import_pose.import_pose: File '/home/ubuntu/Demo2/ClusPro/sequential_clustering/c.0_cluster2A/m36.pdb' automatically determined to be of type PDB
protocols.cluster: RESCORING: /home/ubuntu/Demo2/ClusPro/sequential_clustering/c.0_cluster2A/m36.pdb
protocols.cluster: Adding struc: 1151.06
core.import_pose.import_pose: File '/home/ubuntu/Demo2/ClusPro/sequential_clustering/c.0_cluster2A/m37.pdb' automatically determined to be of type PDB
protocols.cluster: RESCORING: /home/ubuntu/Demo2/ClusPro/sequential_clustering/c.0_cluster2A/m37.pdb
protocols.cluster: Adding struc: 1514.15
core.import_pose.import_pose: File '/home/ubuntu/Demo2/ClusPro/sequential_clustering/c.0_cluster2A/m38.pdb' automatically determined to be of type PDB
protocols.cluster: RESCORING: /home/ubuntu/Demo2/ClusPro/sequential_clustering/c.0_cluster2A/m38.pdb
protocols.cluster: Adding struc: 4318.33
core.import_pose.import_pose: File '/home/ubuntu/Demo2/ClusPro/sequential_clustering/c.0_cluster2A/m39.pdb' automatically determined to be of type PDB
protocols.cluster: RESCORING: /home/ubuntu/Demo2/ClusPro/sequential_clustering/c.0_cluster2A/m39.pdb
protocols.cluster: Adding struc: 368.841
core.import_pose.import_pose: File '/home/ubuntu/Demo2/ClusPro/sequential_clustering/c.0_cluster2A/m3.pdb' automatically determined to be of type PDB
protocols.cluster: RESCORING: /home/ubuntu/Demo2/ClusPro/sequential_clustering/c.0_cluster2A/m3.pdb
protocols.cluster: Adding struc: 2411.83
core.import_pose.import_pose: File '/home/ubuntu/Demo2/ClusPro/sequential_clustering/c.0_cluster2A/m40.pdb' automatically determined to be of type PDB
protocols.cluster: RESCORING: /home/ubuntu/Demo2/ClusPro/sequential_clustering/c.0_cluster2A/m40.pdb
protocols.cluster: Adding struc: 1444.42
core.import_pose.import_pose: File '/home/ubuntu/Demo2/ClusPro/sequential_clustering/c.0_cluster2A/m41.pdb' automatically determined to be of type PDB
protocols.cluster: RESCORING: /home/ubuntu/Demo2/ClusPro/sequential_clustering/c.0_cluster2A/m41.pdb
protocols.cluster: Adding struc: 2194.58
core.import_pose.import_pose: File '/home/ubuntu/Demo2/ClusPro/sequential_clustering/c.0_cluster2A/m42.pdb' automatically determined to be of type PDB
protocols.cluster: RESCORING: /home/ubuntu/Demo2/ClusPro/sequential_clustering/c.0_cluster2A/m42.pdb
protocols.cluster: Adding struc: 2516.46
core.import_pose.import_pose: File '/home/ubuntu/Demo2/ClusPro/sequential_clustering/c.0_cluster2A/m4.pdb' automatically determined to be of type PDB
protocols.cluster: RESCORING: /home/ubuntu/Demo2/ClusPro/sequential_clustering/c.0_cluster2A/m4.pdb
protocols.cluster: Adding struc: 2673.19
core.import_pose.import_pose: File '/home/ubuntu/Demo2/ClusPro/sequential_clustering/c.0_cluster2A/m5.pdb' automatically determined to be of type PDB
protocols.cluster: RESCORING: /home/ubuntu/Demo2/ClusPro/sequential_clustering/c.0_cluster2A/m5.pdb
protocols.cluster: Adding struc: 2263.88
core.import_pose.import_pose: File '/home/ubuntu/Demo2/ClusPro/sequential_clustering/c.0_cluster2A/m6.pdb' automatically determined to be of type PDB
protocols.cluster: RESCORING: /home/ubuntu/Demo2/ClusPro/sequential_clustering/c.0_cluster2A/m6.pdb
protocols.cluster: Adding struc: 2465.13
core.import_pose.import_pose: File '/home/ubuntu/Demo2/ClusPro/sequential_clustering/c.0_cluster2A/m7.pdb' automatically determined to be of type PDB
protocols.cluster: RESCORING: /home/ubuntu/Demo2/ClusPro/sequential_clustering/c.0_cluster2A/m7.pdb
protocols.cluster: Adding struc: 2787.23
core.import_pose.import_pose: File '/home/ubuntu/Demo2/ClusPro/sequential_clustering/c.0_cluster2A/m8.pdb' automatically determined to be of type PDB
protocols.cluster: RESCORING: /home/ubuntu/Demo2/ClusPro/sequential_clustering/c.0_cluster2A/m8.pdb
protocols.cluster: Adding struc: 5244.54
core.import_pose.import_pose: File '/home/ubuntu/Demo2/ClusPro/sequential_clustering/c.0_cluster2A/m9.pdb' automatically determined to be of type PDB
protocols.cluster: RESCORING: /home/ubuntu/Demo2/ClusPro/sequential_clustering/c.0_cluster2A/m9.pdb
protocols.cluster: Adding struc: 4995.28
protocols.cluster: Clustering an initial set of 43 structures 
protocols.cluster: Calculating RMS matrix: 
protocols.cluster: Histogram of pairwise similarity values for the initial clustering set
protocols.cluster: hist 0   0
protocols.cluster: hist 0.25   7
protocols.cluster: hist 0.5   19
protocols.cluster: hist 0.75   48
protocols.cluster: hist 1   42
protocols.cluster: hist 1.25   29
protocols.cluster: hist 1.5   36
protocols.cluster: hist 1.75   18
protocols.cluster: hist 2   30
protocols.cluster: hist 2.25   33
protocols.cluster: hist 2.5   45
protocols.cluster: hist 2.75   54
protocols.cluster: hist 3   57
protocols.cluster: hist 3.25   68
protocols.cluster: hist 3.5   51
protocols.cluster: hist 3.75   53
protocols.cluster: hist 4   46
protocols.cluster: hist 4.25   50
protocols.cluster: hist 4.5   42
protocols.cluster: hist 4.75   33
protocols.cluster: hist 5   28
protocols.cluster: hist 5.25   21
protocols.cluster: hist 5.5   10
protocols.cluster: hist 5.75   15
protocols.cluster: hist 6   9
protocols.cluster: hist 6.25   15
protocols.cluster: hist 6.5   6
protocols.cluster: hist 6.75   14
protocols.cluster: hist 7   11
protocols.cluster: hist 7.25   4
protocols.cluster: hist 7.5   3
protocols.cluster: hist 7.75   4
protocols.cluster: hist 8   1
protocols.cluster: hist 8.25   1
protocols.cluster: hist 8.5   0
protocols.cluster: hist 8.75   0
protocols.cluster: hist 9   0
protocols.cluster: hist 9.25   0
protocols.cluster: hist 9.5   0
protocols.cluster: hist 9.75   0
protocols.cluster: hist 10   0
protocols.cluster: hist 10.25   0
protocols.cluster: hist 10.5   0
protocols.cluster: hist 10.75   0
protocols.cluster: hist 11   0
protocols.cluster: hist 11.25   0
protocols.cluster: hist 11.5   0
protocols.cluster: hist 11.75   0
protocols.cluster: hist 12   0
protocols.cluster: hist 12.25   0
protocols.cluster: hist 12.5   0
protocols.cluster: hist 12.75   0
protocols.cluster: hist 13   0
protocols.cluster: hist 13.25   0
protocols.cluster: hist 13.5   0
protocols.cluster: hist 13.75   0
protocols.cluster: hist 14   0
protocols.cluster: hist 14.25   0
protocols.cluster: hist 14.5   0
protocols.cluster: hist 14.75   0
protocols.cluster: hist 15   0
protocols.cluster: hist 15.25   0
protocols.cluster: hist 15.5   0
protocols.cluster: hist 15.75   0
protocols.cluster: hist 16   0
protocols.cluster: hist 16.25   0
protocols.cluster: hist 16.5   0
protocols.cluster: hist 16.75   0
protocols.cluster: hist 17   0
protocols.cluster: hist 17.25   0
protocols.cluster: hist 17.5   0
protocols.cluster: hist 17.75   0
protocols.cluster: hist 18   0
protocols.cluster: hist 18.25   0
protocols.cluster: hist 18.5   0
protocols.cluster: hist 18.75   0
protocols.cluster: hist 19   0
protocols.cluster: hist 19.25   0
protocols.cluster: hist 19.5   0
protocols.cluster: hist 19.75   0
protocols.cluster: Median RMS 3.25
protocols.cluster: Clustering of 43structures with radius 2
protocols.cluster: Assigning initial cluster centres 
protocols.cluster: .protocols.cluster: 
protocols.cluster: Redistributing groups ...10 cluster centersSwitched 7<--0
protocols.cluster: Switched 5<--1
protocols.cluster: Switched 5<--1
protocols.cluster: Switched 8<--2
protocols.cluster: Switched 6<--3
Assigning extra structures ... 
protocols.cluster: ---------- Summary ---------------------------------
protocols.cluster: Cluster:  0  N: 18GN: 19   c.0.*.pdb 
protocols.cluster:     /home/ubuntu/Demo2/ClusPro/sequential_clustering/c.0_cluster2A/m0.pdb  908.559
protocols.cluster:     /home/ubuntu/Demo2/ClusPro/sequential_clustering/c.0_cluster2A/m10.pdb  3502.79
protocols.cluster:     /home/ubuntu/Demo2/ClusPro/sequential_clustering/c.0_cluster2A/m12.pdb  338.552
protocols.cluster:     /home/ubuntu/Demo2/ClusPro/sequential_clustering/c.0_cluster2A/m14.pdb  3733.31
protocols.cluster:     /home/ubuntu/Demo2/ClusPro/sequential_clustering/c.0_cluster2A/m16.pdb  1087.94
protocols.cluster:     /home/ubuntu/Demo2/ClusPro/sequential_clustering/c.0_cluster2A/m18.pdb  2497.33
protocols.cluster:     /home/ubuntu/Demo2/ClusPro/sequential_clustering/c.0_cluster2A/m20.pdb  1720.5
protocols.cluster:     /home/ubuntu/Demo2/ClusPro/sequential_clustering/c.0_cluster2A/m22.pdb  1252.24
protocols.cluster:     /home/ubuntu/Demo2/ClusPro/sequential_clustering/c.0_cluster2A/m24.pdb  4030.6
protocols.cluster:     /home/ubuntu/Demo2/ClusPro/sequential_clustering/c.0_cluster2A/m26.pdb  1084.64
protocols.cluster:     /home/ubuntu/Demo2/ClusPro/sequential_clustering/c.0_cluster2A/m28.pdb  1596.89
protocols.cluster:     /home/ubuntu/Demo2/ClusPro/sequential_clustering/c.0_cluster2A/m2.pdb  1764.91
protocols.cluster:     /home/ubuntu/Demo2/ClusPro/sequential_clustering/c.0_cluster2A/m30.pdb  2605.13
protocols.cluster:     /home/ubuntu/Demo2/ClusPro/sequential_clustering/c.0_cluster2A/m36.pdb  1151.06
protocols.cluster:     /home/ubuntu/Demo2/ClusPro/sequential_clustering/c.0_cluster2A/m40.pdb  1444.42
protocols.cluster:     /home/ubuntu/Demo2/ClusPro/sequential_clustering/c.0_cluster2A/m4.pdb  2673.19
protocols.cluster:     /home/ubuntu/Demo2/ClusPro/sequential_clustering/c.0_cluster2A/m6.pdb  2465.13
protocols.cluster:     /home/ubuntu/Demo2/ClusPro/sequential_clustering/c.0_cluster2A/m8.pdb  5244.54
protocols.cluster: Cluster:  1  N: 6GN: 7   c.1.*.pdb 
protocols.cluster:     /home/ubuntu/Demo2/ClusPro/sequential_clustering/c.0_cluster2A/m11.pdb  2391.43
protocols.cluster:     /home/ubuntu/Demo2/ClusPro/sequential_clustering/c.0_cluster2A/m15.pdb  2645.03
protocols.cluster:     /home/ubuntu/Demo2/ClusPro/sequential_clustering/c.0_cluster2A/m21.pdb  1183.47
protocols.cluster:     /home/ubuntu/Demo2/ClusPro/sequential_clustering/c.0_cluster2A/m25.pdb  1688.43
protocols.cluster:     /home/ubuntu/Demo2/ClusPro/sequential_clustering/c.0_cluster2A/m39.pdb  368.841
protocols.cluster:     /home/ubuntu/Demo2/ClusPro/sequential_clustering/c.0_cluster2A/m7.pdb  2787.23
protocols.cluster: Cluster:  2  N: 4GN: 5   c.2.*.pdb 
protocols.cluster:     /home/ubuntu/Demo2/ClusPro/sequential_clustering/c.0_cluster2A/m17.pdb  2475.18
protocols.cluster:     /home/ubuntu/Demo2/ClusPro/sequential_clustering/c.0_cluster2A/m23.pdb  1215.93
protocols.cluster:     /home/ubuntu/Demo2/ClusPro/sequential_clustering/c.0_cluster2A/m32.pdb  3502.4
protocols.cluster:     /home/ubuntu/Demo2/ClusPro/sequential_clustering/c.0_cluster2A/m5.pdb  2263.88
protocols.cluster: Cluster:  3  N: 3GN: 4   c.3.*.pdb 
protocols.cluster:     /home/ubuntu/Demo2/ClusPro/sequential_clustering/c.0_cluster2A/m19.pdb  600.342
protocols.cluster:     /home/ubuntu/Demo2/ClusPro/sequential_clustering/c.0_cluster2A/m29.pdb  2318.07
protocols.cluster:     /home/ubuntu/Demo2/ClusPro/sequential_clustering/c.0_cluster2A/m41.pdb  2194.58
protocols.cluster: Cluster:  4  N: 2GN: 3   c.4.*.pdb 
protocols.cluster:     /home/ubuntu/Demo2/ClusPro/sequential_clustering/c.0_cluster2A/m33.pdb  3318.09
protocols.cluster:     /home/ubuntu/Demo2/ClusPro/sequential_clustering/c.0_cluster2A/m9.pdb  4995.28
protocols.cluster: Cluster:  5  N: 3GN: 4   c.5.*.pdb 
protocols.cluster:     /home/ubuntu/Demo2/ClusPro/sequential_clustering/c.0_cluster2A/m1.pdb  1693.21
protocols.cluster:     /home/ubuntu/Demo2/ClusPro/sequential_clustering/c.0_cluster2A/m13.pdb  2955.27
protocols.cluster:     /home/ubuntu/Demo2/ClusPro/sequential_clustering/c.0_cluster2A/m27.pdb  893.21
protocols.cluster: Cluster:  6  N: 2GN: 3   c.6.*.pdb 
protocols.cluster:     /home/ubuntu/Demo2/ClusPro/sequential_clustering/c.0_cluster2A/m37.pdb  1514.15
protocols.cluster:     /home/ubuntu/Demo2/ClusPro/sequential_clustering/c.0_cluster2A/m31.pdb  1942.57
protocols.cluster: Cluster:  7  N: 2GN: 3   c.7.*.pdb 
protocols.cluster:     /home/ubuntu/Demo2/ClusPro/sequential_clustering/c.0_cluster2A/m38.pdb  4318.33
protocols.cluster:     /home/ubuntu/Demo2/ClusPro/sequential_clustering/c.0_cluster2A/m34.pdb  1657.15
protocols.cluster: Cluster:  8  N: 2GN: 3   c.8.*.pdb 
protocols.cluster:     /home/ubuntu/Demo2/ClusPro/sequential_clustering/c.0_cluster2A/m3.pdb  2411.83
protocols.cluster:     /home/ubuntu/Demo2/ClusPro/sequential_clustering/c.0_cluster2A/m35.pdb  5280.54
protocols.cluster: Cluster:  9  N: 1GN: 2   c.9.*.pdb 
protocols.cluster:     /home/ubuntu/Demo2/ClusPro/sequential_clustering/c.0_cluster2A/m42.pdb  2516.46
protocols.cluster: ----------------------------------------------------
protocols.cluster:   Clusters: 10
protocols.cluster:   Structures: 43
protocols.cluster: ----------------------------------------------------
protocols.cluster: ---------- Summary ---------------------------------
protocols.cluster: Cluster:  0  N: 18GN: 19   c.0.*.pdb 
protocols.cluster:     /home/ubuntu/Demo2/ClusPro/sequential_clustering/c.0_cluster2A/m0.pdb  908.559
protocols.cluster:     /home/ubuntu/Demo2/ClusPro/sequential_clustering/c.0_cluster2A/m10.pdb  3502.79
protocols.cluster:     /home/ubuntu/Demo2/ClusPro/sequential_clustering/c.0_cluster2A/m12.pdb  338.552
protocols.cluster:     /home/ubuntu/Demo2/ClusPro/sequential_clustering/c.0_cluster2A/m14.pdb  3733.31
protocols.cluster:     /home/ubuntu/Demo2/ClusPro/sequential_clustering/c.0_cluster2A/m16.pdb  1087.94
protocols.cluster:     /home/ubuntu/Demo2/ClusPro/sequential_clustering/c.0_cluster2A/m18.pdb  2497.33
protocols.cluster:     /home/ubuntu/Demo2/ClusPro/sequential_clustering/c.0_cluster2A/m20.pdb  1720.5
protocols.cluster:     /home/ubuntu/Demo2/ClusPro/sequential_clustering/c.0_cluster2A/m22.pdb  1252.24
protocols.cluster:     /home/ubuntu/Demo2/ClusPro/sequential_clustering/c.0_cluster2A/m24.pdb  4030.6
protocols.cluster:     /home/ubuntu/Demo2/ClusPro/sequential_clustering/c.0_cluster2A/m26.pdb  1084.64
protocols.cluster:     /home/ubuntu/Demo2/ClusPro/sequential_clustering/c.0_cluster2A/m28.pdb  1596.89
protocols.cluster:     /home/ubuntu/Demo2/ClusPro/sequential_clustering/c.0_cluster2A/m2.pdb  1764.91
protocols.cluster:     /home/ubuntu/Demo2/ClusPro/sequential_clustering/c.0_cluster2A/m30.pdb  2605.13
protocols.cluster:     /home/ubuntu/Demo2/ClusPro/sequential_clustering/c.0_cluster2A/m36.pdb  1151.06
protocols.cluster:     /home/ubuntu/Demo2/ClusPro/sequential_clustering/c.0_cluster2A/m40.pdb  1444.42
protocols.cluster:     /home/ubuntu/Demo2/ClusPro/sequential_clustering/c.0_cluster2A/m4.pdb  2673.19
protocols.cluster:     /home/ubuntu/Demo2/ClusPro/sequential_clustering/c.0_cluster2A/m6.pdb  2465.13
protocols.cluster:     /home/ubuntu/Demo2/ClusPro/sequential_clustering/c.0_cluster2A/m8.pdb  5244.54
protocols.cluster: Cluster:  1  N: 6GN: 7   c.1.*.pdb 
protocols.cluster:     /home/ubuntu/Demo2/ClusPro/sequential_clustering/c.0_cluster2A/m11.pdb  2391.43
protocols.cluster:     /home/ubuntu/Demo2/ClusPro/sequential_clustering/c.0_cluster2A/m15.pdb  2645.03
protocols.cluster:     /home/ubuntu/Demo2/ClusPro/sequential_clustering/c.0_cluster2A/m21.pdb  1183.47
protocols.cluster:     /home/ubuntu/Demo2/ClusPro/sequential_clustering/c.0_cluster2A/m25.pdb  1688.43
protocols.cluster:     /home/ubuntu/Demo2/ClusPro/sequential_clustering/c.0_cluster2A/m39.pdb  368.841
protocols.cluster:     /home/ubuntu/Demo2/ClusPro/sequential_clustering/c.0_cluster2A/m7.pdb  2787.23
protocols.cluster: Cluster:  2  N: 4GN: 5   c.2.*.pdb 
protocols.cluster:     /home/ubuntu/Demo2/ClusPro/sequential_clustering/c.0_cluster2A/m17.pdb  2475.18
protocols.cluster:     /home/ubuntu/Demo2/ClusPro/sequential_clustering/c.0_cluster2A/m23.pdb  1215.93
protocols.cluster:     /home/ubuntu/Demo2/ClusPro/sequential_clustering/c.0_cluster2A/m32.pdb  3502.4
protocols.cluster:     /home/ubuntu/Demo2/ClusPro/sequential_clustering/c.0_cluster2A/m5.pdb  2263.88
protocols.cluster: Cluster:  3  N: 3GN: 4   c.3.*.pdb 
protocols.cluster:     /home/ubuntu/Demo2/ClusPro/sequential_clustering/c.0_cluster2A/m19.pdb  600.342
protocols.cluster:     /home/ubuntu/Demo2/ClusPro/sequential_clustering/c.0_cluster2A/m29.pdb  2318.07
protocols.cluster:     /home/ubuntu/Demo2/ClusPro/sequential_clustering/c.0_cluster2A/m41.pdb  2194.58
protocols.cluster: Cluster:  4  N: 2GN: 3   c.4.*.pdb 
protocols.cluster:     /home/ubuntu/Demo2/ClusPro/sequential_clustering/c.0_cluster2A/m33.pdb  3318.09
protocols.cluster:     /home/ubuntu/Demo2/ClusPro/sequential_clustering/c.0_cluster2A/m9.pdb  4995.28
protocols.cluster: Cluster:  5  N: 3GN: 4   c.5.*.pdb 
protocols.cluster:     /home/ubuntu/Demo2/ClusPro/sequential_clustering/c.0_cluster2A/m1.pdb  1693.21
protocols.cluster:     /home/ubuntu/Demo2/ClusPro/sequential_clustering/c.0_cluster2A/m13.pdb  2955.27
protocols.cluster:     /home/ubuntu/Demo2/ClusPro/sequential_clustering/c.0_cluster2A/m27.pdb  893.21
protocols.cluster: Cluster:  6  N: 2GN: 3   c.6.*.pdb 
protocols.cluster:     /home/ubuntu/Demo2/ClusPro/sequential_clustering/c.0_cluster2A/m37.pdb  1514.15
protocols.cluster:     /home/ubuntu/Demo2/ClusPro/sequential_clustering/c.0_cluster2A/m31.pdb  1942.57
protocols.cluster: Cluster:  7  N: 2GN: 3   c.7.*.pdb 
protocols.cluster:     /home/ubuntu/Demo2/ClusPro/sequential_clustering/c.0_cluster2A/m38.pdb  4318.33
protocols.cluster:     /home/ubuntu/Demo2/ClusPro/sequential_clustering/c.0_cluster2A/m34.pdb  1657.15
protocols.cluster: Cluster:  8  N: 2GN: 3   c.8.*.pdb 
protocols.cluster:     /home/ubuntu/Demo2/ClusPro/sequential_clustering/c.0_cluster2A/m3.pdb  2411.83
protocols.cluster:     /home/ubuntu/Demo2/ClusPro/sequential_clustering/c.0_cluster2A/m35.pdb  5280.54
protocols.cluster: Cluster:  9  N: 1GN: 2   c.9.*.pdb 
protocols.cluster:     /home/ubuntu/Demo2/ClusPro/sequential_clustering/c.0_cluster2A/m42.pdb  2516.46
protocols.cluster: ----------------------------------------------------
protocols.cluster:   Clusters: 10
protocols.cluster:   Structures: 43
protocols.cluster: ----------------------------------------------------
protocols.cluster: 0 /home/ubuntu/Demo2/ClusPro/sequential_clustering/c.0_cluster2A/m0.pdb  0  0
protocols.cluster: 1 /home/ubuntu/Demo2/ClusPro/sequential_clustering/c.0_cluster2A/m10.pdb  0  1
protocols.cluster: 3 /home/ubuntu/Demo2/ClusPro/sequential_clustering/c.0_cluster2A/m12.pdb  0  2
protocols.cluster: 5 /home/ubuntu/Demo2/ClusPro/sequential_clustering/c.0_cluster2A/m14.pdb  0  3
protocols.cluster: 7 /home/ubuntu/Demo2/ClusPro/sequential_clustering/c.0_cluster2A/m16.pdb  0  4
protocols.cluster: 9 /home/ubuntu/Demo2/ClusPro/sequential_clustering/c.0_cluster2A/m18.pdb  0  5
protocols.cluster: 12 /home/ubuntu/Demo2/ClusPro/sequential_clustering/c.0_cluster2A/m20.pdb  0  6
protocols.cluster: 14 /home/ubuntu/Demo2/ClusPro/sequential_clustering/c.0_cluster2A/m22.pdb  0  7
protocols.cluster: 16 /home/ubuntu/Demo2/ClusPro/sequential_clustering/c.0_cluster2A/m24.pdb  0  8
protocols.cluster: 18 /home/ubuntu/Demo2/ClusPro/sequential_clustering/c.0_cluster2A/m26.pdb  0  9
protocols.cluster: 20 /home/ubuntu/Demo2/ClusPro/sequential_clustering/c.0_cluster2A/m28.pdb  0  10
protocols.cluster: 22 /home/ubuntu/Demo2/ClusPro/sequential_clustering/c.0_cluster2A/m2.pdb  0  11
protocols.cluster: 23 /home/ubuntu/Demo2/ClusPro/sequential_clustering/c.0_cluster2A/m30.pdb  0  12
protocols.cluster: 29 /home/ubuntu/Demo2/ClusPro/sequential_clustering/c.0_cluster2A/m36.pdb  0  13
protocols.cluster: 34 /home/ubuntu/Demo2/ClusPro/sequential_clustering/c.0_cluster2A/m40.pdb  0  14
protocols.cluster: 37 /home/ubuntu/Demo2/ClusPro/sequential_clustering/c.0_cluster2A/m4.pdb  0  15
protocols.cluster: 39 /home/ubuntu/Demo2/ClusPro/sequential_clustering/c.0_cluster2A/m6.pdb  0  16
protocols.cluster: 41 /home/ubuntu/Demo2/ClusPro/sequential_clustering/c.0_cluster2A/m8.pdb  0  17
protocols.cluster: 2 /home/ubuntu/Demo2/ClusPro/sequential_clustering/c.0_cluster2A/m11.pdb  1  0
protocols.cluster: 6 /home/ubuntu/Demo2/ClusPro/sequential_clustering/c.0_cluster2A/m15.pdb  1  1
protocols.cluster: 13 /home/ubuntu/Demo2/ClusPro/sequential_clustering/c.0_cluster2A/m21.pdb  1  2
protocols.cluster: 17 /home/ubuntu/Demo2/ClusPro/sequential_clustering/c.0_cluster2A/m25.pdb  1  3
protocols.cluster: 32 /home/ubuntu/Demo2/ClusPro/sequential_clustering/c.0_cluster2A/m39.pdb  1  4
protocols.cluster: 40 /home/ubuntu/Demo2/ClusPro/sequential_clustering/c.0_cluster2A/m7.pdb  1  5
protocols.cluster: 8 /home/ubuntu/Demo2/ClusPro/sequential_clustering/c.0_cluster2A/m17.pdb  2  0
protocols.cluster: 15 /home/ubuntu/Demo2/ClusPro/sequential_clustering/c.0_cluster2A/m23.pdb  2  1
protocols.cluster: 25 /home/ubuntu/Demo2/ClusPro/sequential_clustering/c.0_cluster2A/m32.pdb  2  2
protocols.cluster: 38 /home/ubuntu/Demo2/ClusPro/sequential_clustering/c.0_cluster2A/m5.pdb  2  3
protocols.cluster: 10 /home/ubuntu/Demo2/ClusPro/sequential_clustering/c.0_cluster2A/m19.pdb  3  0
protocols.cluster: 21 /home/ubuntu/Demo2/ClusPro/sequential_clustering/c.0_cluster2A/m29.pdb  3  1
protocols.cluster: 35 /home/ubuntu/Demo2/ClusPro/sequential_clustering/c.0_cluster2A/m41.pdb  3  2
protocols.cluster: 26 /home/ubuntu/Demo2/ClusPro/sequential_clustering/c.0_cluster2A/m33.pdb  4  0
protocols.cluster: 42 /home/ubuntu/Demo2/ClusPro/sequential_clustering/c.0_cluster2A/m9.pdb  4  1
protocols.cluster: 11 /home/ubuntu/Demo2/ClusPro/sequential_clustering/c.0_cluster2A/m1.pdb  5  0
protocols.cluster: 4 /home/ubuntu/Demo2/ClusPro/sequential_clustering/c.0_cluster2A/m13.pdb  5  1
protocols.cluster: 19 /home/ubuntu/Demo2/ClusPro/sequential_clustering/c.0_cluster2A/m27.pdb  5  2
protocols.cluster: 30 /home/ubuntu/Demo2/ClusPro/sequential_clustering/c.0_cluster2A/m37.pdb  6  0
protocols.cluster: 24 /home/ubuntu/Demo2/ClusPro/sequential_clustering/c.0_cluster2A/m31.pdb  6  1
protocols.cluster: 31 /home/ubuntu/Demo2/ClusPro/sequential_clustering/c.0_cluster2A/m38.pdb  7  0
protocols.cluster: 27 /home/ubuntu/Demo2/ClusPro/sequential_clustering/c.0_cluster2A/m34.pdb  7  1
protocols.cluster: 33 /home/ubuntu/Demo2/ClusPro/sequential_clustering/c.0_cluster2A/m3.pdb  8  0
protocols.cluster: 28 /home/ubuntu/Demo2/ClusPro/sequential_clustering/c.0_cluster2A/m35.pdb  8  1
protocols.cluster: 36 /home/ubuntu/Demo2/ClusPro/sequential_clustering/c.0_cluster2A/m42.pdb  9  0
Timing: 
  Readin:36s
  Cluster: 1s
  Additional Clustering: 0s
  Total: 37
